TN:
SF:D:\Elvis\Andela\Bootcamp\broadcaster\app.js
FN:14,(anonymous_0)
FN:27,(anonymous_1)
FN:33,(anonymous_2)
FNF:3
FNH:3
FNDA:48,(anonymous_0)
FNDA:1,(anonymous_1)
FNDA:1,(anonymous_2)
DA:1,1
DA:2,1
DA:3,1
DA:4,1
DA:5,1
DA:7,1
DA:9,1
DA:10,1
DA:11,1
DA:12,1
DA:14,1
DA:15,48
DA:16,48
DA:17,48
DA:18,0
DA:19,0
DA:21,48
DA:24,1
DA:25,1
DA:27,1
DA:28,1
DA:29,1
DA:30,1
DA:33,1
DA:34,1
DA:35,1
DA:36,1
DA:42,1
LF:28
LH:26
BRDA:17,0,0,0
BRDA:17,0,1,48
BRDA:34,1,0,1
BRDA:34,1,1,0
BRF:4
BRH:2
end_of_record
TN:
SF:D:\Elvis\Andela\Bootcamp\broadcaster\server.js
FNF:0
FNH:0
DA:1,1
DA:2,1
DA:4,1
DA:5,1
DA:6,1
DA:8,1
LF:6
LH:6
BRDA:4,0,0,1
BRDA:4,0,1,1
BRF:2
BRH:2
end_of_record
TN:
SF:D:\Elvis\Andela\Bootcamp\broadcaster\api\controllers\red-flags.js
FN:4,validateRedFlag
FN:28,validateComment
FN:39,validateLoction
FN:49,validateStatus
FN:59,(anonymous_4)
FN:76,(anonymous_5)
FN:91,(anonymous_6)
FN:92,(anonymous_7)
FN:94,(anonymous_8)
FN:118,(anonymous_9)
FN:147,(anonymous_10)
FN:187,(anonymous_11)
FN:193,(anonymous_12)
FN:212,(anonymous_13)
FN:314,(anonymous_14)
FNF:15
FNH:11
FNDA:3,validateRedFlag
FNDA:2,validateComment
FNDA:2,validateLoction
FNDA:1,validateStatus
FNDA:2,(anonymous_4)
FNDA:2,(anonymous_5)
FNDA:0,(anonymous_6)
FNDA:0,(anonymous_7)
FNDA:3,(anonymous_8)
FNDA:4,(anonymous_9)
FNDA:5,(anonymous_10)
FNDA:0,(anonymous_11)
FNDA:0,(anonymous_12)
FNDA:9,(anonymous_13)
FNDA:4,(anonymous_14)
DA:1,1
DA:2,1
DA:5,3
DA:25,3
DA:29,2
DA:36,2
DA:40,2
DA:46,2
DA:50,1
DA:56,1
DA:59,1
DA:60,2
DA:61,2
DA:62,1
DA:63,1
DA:68,1
DA:69,1
DA:76,1
DA:77,2
DA:78,2
DA:79,2
DA:80,2
DA:81,2
DA:83,2
DA:84,2
DA:85,1
DA:91,1
DA:92,1
DA:94,3
DA:96,1
DA:108,1
DA:109,1
DA:118,1
DA:119,4
DA:120,4
DA:121,4
DA:122,1
DA:127,3
DA:128,2
DA:129,1
DA:134,1
DA:139,1
DA:140,1
DA:147,1
DA:148,5
DA:149,5
DA:150,5
DA:151,5
DA:152,5
DA:154,5
DA:155,5
DA:156,1
DA:162,4
DA:163,1
DA:169,3
DA:170,2
DA:176,1
DA:177,1
DA:178,0
DA:184,1
DA:185,1
DA:187,0
DA:190,1
DA:191,1
DA:193,0
DA:196,1
DA:197,1
DA:198,1
DA:199,1
DA:200,1
DA:201,1
DA:203,1
DA:212,1
DA:213,9
DA:214,9
DA:215,9
DA:217,9
DA:218,9
DA:219,2
DA:225,7
DA:226,3
DA:227,0
DA:232,3
DA:233,1
DA:238,2
DA:239,2
DA:240,1
DA:246,1
DA:247,1
DA:254,4
DA:255,3
DA:256,0
DA:261,3
DA:262,1
DA:267,2
DA:268,2
DA:269,1
DA:275,1
DA:276,1
DA:283,1
DA:284,1
DA:285,0
DA:290,1
DA:291,1
DA:292,0
DA:298,1
DA:299,1
DA:307,0
DA:314,1
DA:315,4
DA:316,4
DA:317,4
DA:318,1
DA:324,3
DA:325,1
DA:331,2
DA:332,1
DA:338,1
DA:339,1
LF:119
LH:111
BRDA:61,0,0,1
BRDA:61,0,1,1
BRDA:68,1,0,1
BRDA:68,1,1,0
BRDA:84,2,0,1
BRDA:84,2,1,1
BRDA:91,3,0,0
BRDA:91,3,1,1
BRDA:92,4,0,0
BRDA:92,4,1,1
BRDA:121,5,0,1
BRDA:121,5,1,3
BRDA:127,6,0,2
BRDA:127,6,1,1
BRDA:128,7,0,1
BRDA:128,7,1,1
BRDA:139,8,0,1
BRDA:139,8,1,0
BRDA:155,9,0,1
BRDA:155,9,1,4
BRDA:162,10,0,1
BRDA:162,10,1,3
BRDA:169,11,0,2
BRDA:169,11,1,1
BRDA:177,12,0,0
BRDA:177,12,1,1
BRDA:184,13,0,1
BRDA:184,13,1,0
BRDA:190,14,0,1
BRDA:190,14,1,0
BRDA:218,15,0,2
BRDA:218,15,1,7
BRDA:225,16,0,3
BRDA:225,16,1,4
BRDA:226,17,0,0
BRDA:226,17,1,3
BRDA:232,18,0,1
BRDA:232,18,1,2
BRDA:239,19,0,1
BRDA:239,19,1,1
BRDA:254,20,0,3
BRDA:254,20,1,1
BRDA:255,21,0,0
BRDA:255,21,1,3
BRDA:261,22,0,1
BRDA:261,22,1,2
BRDA:268,23,0,1
BRDA:268,23,1,1
BRDA:283,24,0,1
BRDA:283,24,1,0
BRDA:284,25,0,0
BRDA:284,25,1,1
BRDA:291,26,0,0
BRDA:291,26,1,1
BRDA:317,27,0,1
BRDA:317,27,1,3
BRDA:324,28,0,1
BRDA:324,28,1,2
BRDA:331,29,0,1
BRDA:331,29,1,1
BRF:60
BRH:48
end_of_record
TN:
SF:D:\Elvis\Andela\Bootcamp\broadcaster\api\controllers\user.js
FN:7,validateUser
FN:52,validateLogin
FN:65,(anonymous_2)
FN:73,(anonymous_3)
FN:112,(anonymous_4)
FN:119,(anonymous_5)
FN:145,(anonymous_6)
FN:163,(anonymous_7)
FN:196,(anonymous_8)
FNF:9
FNH:8
FNDA:7,validateUser
FNDA:4,validateLogin
FNDA:0,(anonymous_2)
FNDA:7,(anonymous_3)
FNDA:1,(anonymous_4)
FNDA:3,(anonymous_5)
FNDA:1,(anonymous_6)
FNDA:4,(anonymous_7)
FNDA:1,(anonymous_8)
DA:1,1
DA:2,1
DA:3,1
DA:4,1
DA:5,1
DA:8,7
DA:49,7
DA:53,4
DA:62,4
DA:65,1
DA:66,0
DA:67,0
DA:73,1
DA:74,7
DA:75,7
DA:76,7
DA:77,3
DA:83,4
DA:84,4
DA:85,4
DA:87,4
DA:88,2
DA:93,2
DA:94,1
DA:99,1
DA:100,0
DA:105,1
DA:106,0
DA:112,1
DA:113,1
DA:114,0
DA:119,3
DA:120,1
DA:131,1
DA:132,1
DA:146,1
DA:147,0
DA:152,1
DA:163,1
DA:164,4
DA:165,4
DA:166,4
DA:167,1
DA:173,3
DA:174,3
DA:175,1
DA:181,2
DA:182,2
DA:183,1
DA:197,1
DA:198,0
DA:203,1
DA:211,1
LF:53
LH:46
BRDA:76,0,0,3
BRDA:76,0,1,4
BRDA:87,1,0,2
BRDA:87,1,1,2
BRDA:93,2,0,1
BRDA:93,2,1,1
BRDA:99,3,0,0
BRDA:99,3,1,1
BRDA:105,4,0,0
BRDA:105,4,1,1
BRDA:113,5,0,0
BRDA:113,5,1,1
BRDA:146,6,0,0
BRDA:146,6,1,1
BRDA:166,7,0,1
BRDA:166,7,1,3
BRDA:174,8,0,1
BRDA:174,8,1,2
BRDA:182,9,0,1
BRDA:182,9,1,1
BRDA:197,10,0,0
BRDA:197,10,1,1
BRF:22
BRH:17
end_of_record
TN:
SF:D:\Elvis\Andela\Bootcamp\broadcaster\api\middlewares\check-auth.js
FN:4,(anonymous_0)
FN:11,(anonymous_1)
FNF:2
FNH:2
FNDA:36,(anonymous_0)
FNDA:36,(anonymous_1)
DA:1,1
DA:2,1
DA:4,1
DA:5,36
DA:6,36
DA:11,36
DA:12,36
DA:13,10
DA:18,26
DA:19,26
DA:22,0
LF:11
LH:10
BRDA:12,0,0,10
BRDA:12,0,1,26
BRF:2
BRH:2
end_of_record
TN:
SF:D:\Elvis\Andela\Bootcamp\broadcaster\api\middlewares\upload.js
FN:4,(anonymous_0)
FN:11,(anonymous_1)
FN:16,(anonymous_2)
FNF:3
FNH:0
FNDA:0,(anonymous_0)
FNDA:0,(anonymous_1)
FNDA:0,(anonymous_2)
DA:1,1
DA:3,1
DA:5,0
DA:6,0
DA:8,0
DA:12,0
DA:16,1
DA:17,0
DA:18,0
DA:19,0
DA:21,0
DA:23,0
DA:24,0
DA:26,0
DA:30,1
LF:15
LH:4
BRDA:5,0,0,0
BRDA:5,0,1,0
BRDA:17,1,0,0
BRDA:17,1,1,0
BRDA:18,2,0,0
BRDA:18,2,1,0
BRDA:18,3,0,0
BRDA:18,3,1,0
BRDA:23,4,0,0
BRDA:23,4,1,0
BRDA:23,5,0,0
BRDA:23,5,1,0
BRF:12
BRH:0
end_of_record
TN:
SF:D:\Elvis\Andela\Bootcamp\broadcaster\api\models\red-flag.js
FN:55,(anonymous_0)
FN:57,(anonymous_1)
FN:57,(anonymous_2)
FN:59,(anonymous_3)
FN:59,(anonymous_4)
FN:61,(anonymous_5)
FNF:6
FNH:6
FNDA:1,(anonymous_0)
FNDA:22,(anonymous_1)
FNDA:47,(anonymous_2)
FNDA:1,(anonymous_3)
FNDA:3,(anonymous_4)
FNDA:1,(anonymous_5)
DA:1,1
DA:53,1
DA:55,1
DA:57,47
DA:59,3
DA:61,1
DA:62,1
DA:63,1
DA:64,1
LF:9
LH:9
BRF:0
BRH:0
end_of_record
TN:
SF:D:\Elvis\Andela\Bootcamp\broadcaster\api\models\user.js
FN:39,(anonymous_0)
FN:43,(anonymous_1)
FN:43,(anonymous_2)
FN:45,(anonymous_3)
FN:45,(anonymous_4)
FN:47,(anonymous_5)
FN:47,(anonymous_6)
FN:49,(anonymous_7)
FN:49,(anonymous_8)
FNF:9
FNH:7
FNDA:1,(anonymous_0)
FNDA:0,(anonymous_1)
FNDA:0,(anonymous_2)
FNDA:7,(anonymous_3)
FNDA:21,(anonymous_4)
FNDA:4,(anonymous_5)
FNDA:12,(anonymous_6)
FNDA:4,(anonymous_7)
FNDA:12,(anonymous_8)
DA:1,1
DA:37,1
DA:39,1
DA:40,1
DA:43,1
DA:45,21
DA:47,12
DA:49,12
LF:8
LH:8
BRF:0
BRH:0
end_of_record
TN:
SF:D:\Elvis\Andela\Bootcamp\broadcaster\api\routes\red-flags.js
FNF:0
FNH:0
DA:1,1
DA:2,1
DA:3,1
DA:4,1
DA:6,1
DA:8,1
DA:10,1
DA:12,1
DA:14,1
DA:16,1
DA:18,1
DA:20,1
LF:12
LH:12
BRF:0
BRH:0
end_of_record
TN:
SF:D:\Elvis\Andela\Bootcamp\broadcaster\api\routes\user.js
FNF:0
FNH:0
DA:1,1
DA:2,1
DA:4,1
DA:6,1
DA:8,1
DA:10,1
DA:14,1
LF:7
LH:7
BRF:0
BRH:0
end_of_record
